[debug] [2017-09-25T04:00:22.633Z] ----------------------------------------------------------------------
[debug] [2017-09-25T04:00:22.636Z] Command:      /usr/local/Cellar/node/8.1.2/bin/node /usr/local/bin/firebase serve
[debug] [2017-09-25T04:00:22.637Z] CLI Version:  3.9.1
[debug] [2017-09-25T04:00:22.637Z] Platform:     darwin
[debug] [2017-09-25T04:00:22.637Z] Node Version: v8.1.2
[debug] [2017-09-25T04:00:22.638Z] Time:         Mon Sep 25 2017 15:00:22 GMT+1100 (+11)
[debug] [2017-09-25T04:00:22.638Z] ----------------------------------------------------------------------
[debug] 
[debug] [2017-09-25T04:00:22.656Z] > command requires scopes: ["email","openid","https://www.googleapis.com/auth/cloudplatformprojects.readonly","https://www.googleapis.com/auth/firebase","https://www.googleapis.com/auth/cloud-platform"]
[debug] [2017-09-25T04:00:22.656Z] > authorizing via signed-in user
[debug] [2017-09-25T04:00:22.658Z] > refreshing access token with scopes: ["email","https://www.googleapis.com/auth/cloud-platform","https://www.googleapis.com/auth/cloudplatformprojects.readonly","https://www.googleapis.com/auth/firebase","openid"]
[debug] [2017-09-25T04:00:22.658Z] >>> HTTP REQUEST POST https://www.googleapis.com/oauth2/v3/token { refresh_token: '1/iEVIvuC_9drP3M_RjwxOCuTEnvF3PKqt4Btkg4fk0z2F4VNjHJ3pOy8nCl_r2HTr',
  client_id: '563584335869-fgrhgmd47bqnekij5i8b5pr03ho849e6.apps.googleusercontent.com',
  client_secret: 'j9iVZfS8kkCEFUPaAeJV0sAi',
  grant_type: 'refresh_token',
  scope: 'email https://www.googleapis.com/auth/cloud-platform https://www.googleapis.com/auth/cloudplatformprojects.readonly https://www.googleapis.com/auth/firebase openid' } 
 Mon Sep 25 2017 15:00:22 GMT+1100 (+11)
[debug] [2017-09-25T04:00:23.109Z] <<< HTTP RESPONSE 200
[debug] [2017-09-25T04:00:23.147Z] >>> HTTP REQUEST GET https://admin.firebase.com/v1/projects/simply-city-website  
 Mon Sep 25 2017 15:00:23 GMT+1100 (+11)
[debug] [2017-09-25T04:00:24.798Z] <<< HTTP RESPONSE 200
[debug] [2017-09-25T04:00:24.799Z] >>> HTTP REQUEST GET https://admin.firebase.com/v1/database/simply-city-website/tokens  
 Mon Sep 25 2017 15:00:24 GMT+1100 (+11)
[debug] [2017-09-25T04:00:25.921Z] <<< HTTP RESPONSE 200
[info] 
[info] === Serving from '/Users/christopheroger/Sources/startbootstrap-new-age'...
[info] 
[debug] [2017-09-25T04:00:25.924Z] >>> HTTP REQUEST GET https://cloudresourcemanager.googleapis.com/v1/projects/simply-city-website  
 Mon Sep 25 2017 15:00:25 GMT+1100 (+11)
[debug] [2017-09-25T04:00:27.869Z] <<< HTTP RESPONSE 200
[debug] [2017-09-25T04:00:27.870Z] >>> HTTP REQUEST GET https://mobilesdk-pa.googleapis.com/v1/projects/1052237984253/clients/_:getWebAppConfig  
 Mon Sep 25 2017 15:00:27 GMT+1100 (+11)
[debug] [2017-09-25T04:00:29.412Z] <<< HTTP RESPONSE 200
[info] i  hosting: Serving hosting files from: public
[info] ✔  hosting: Local server: http://localhost:5000

